<?xml version="1.0" encoding="UTF-8"?>
<testsuite name="LightControllerTest" tests="2" skipped="0" failures="0" errors="0" timestamp="2019-04-24T22:08:38" hostname="IMSIM-0021" time="0.832">
  <properties/>
  <testcase name="generateLightSequence" classname="LightControllerTest" time="0.596"/>
  <testcase name="startSequence" classname="LightControllerTest" time="0.236"/>
  <system-out><![CDATA[]]></system-out>
  <system-err><![CDATA[]]></system-err>
</testsuite>
