<?xml version="1.0" encoding="UTF-8"?>
<testsuite name="AlternatePatternTest" tests="1" skipped="0" failures="0" errors="0" timestamp="2019-04-24T22:08:36" hostname="IMSIM-0021" time="1.058">
  <properties/>
  <testcase name="run" classname="AlternatePatternTest" time="1.058"/>
  <system-out><![CDATA[]]></system-out>
  <system-err><![CDATA[]]></system-err>
</testsuite>
